\BOOKMARK [1][-]{section.1}{A Bit Samey}{}% 1
\BOOKMARK [2][-]{subsection.1.1}{}{section.1}% 2
\BOOKMARK [2][-]{subsection.1.2}{}{section.1}% 3
\BOOKMARK [2][-]{subsection.1.3}{}{section.1}% 4
\BOOKMARK [1][-]{section.2}{Two of a Kind}{}% 5
\BOOKMARK [2][-]{subsection.2.1}{}{section.2}% 6
\BOOKMARK [2][-]{subsection.2.2}{}{section.2}% 7
\BOOKMARK [2][-]{subsection.2.3}{}{section.2}% 8
\BOOKMARK [1][-]{section.3}{One-Two Punch}{}% 9
\BOOKMARK [2][-]{subsection.3.1}{}{section.3}% 10
\BOOKMARK [2][-]{subsection.3.2}{}{section.3}% 11
\BOOKMARK [2][-]{subsection.3.3}{}{section.3}% 12
\BOOKMARK [1][-]{section.4}{Pardon My French}{}% 13
\BOOKMARK [2][-]{subsection.4.1}{}{section.4}% 14
\BOOKMARK [2][-]{subsection.4.2}{}{section.4}% 15
\BOOKMARK [2][-]{subsection.4.3}{}{section.4}% 16
\BOOKMARK [2][-]{subsection.4.4}{}{section.4}% 17
\BOOKMARK [1][-]{section.5}{A Lot to Unpack There}{}% 18
\BOOKMARK [2][-]{subsection.5.1}{}{section.5}% 19
\BOOKMARK [2][-]{subsection.5.2}{}{section.5}% 20
\BOOKMARK [2][-]{subsection.5.3}{}{section.5}% 21
\BOOKMARK [2][-]{subsection.5.4}{}{section.5}% 22
\BOOKMARK [1][-]{section.6}{Beyond Compare}{}% 23
\BOOKMARK [2][-]{subsection.6.1}{}{section.6}% 24
\BOOKMARK [2][-]{subsection.6.2}{}{section.6}% 25
\BOOKMARK [2][-]{subsection.6.3}{}{section.6}% 26
\BOOKMARK [1][-]{section.7}{Shiver Me Timbers}{}% 27
\BOOKMARK [2][-]{subsection.7.1}{Only Emily}{section.7}% 28
\BOOKMARK [2][-]{subsection.7.2}{Danielle and Emily}{section.7}% 29
\BOOKMARK [2][-]{subsection.7.3}{Carla, Danielle, and Emily}{section.7}% 30
\BOOKMARK [2][-]{subsection.7.4}{Brenda, Carla, Danielle, and Emily}{section.7}% 31
\BOOKMARK [2][-]{subsection.7.5}{Ann, Brenda, Carla, Danielle, and Emily}{section.7}% 32
