\BOOKMARK [1][-]{section.1}{Do Not Iron While Wearing Shirt}{}% 1
\BOOKMARK [2][-]{subsection.1.1}{Every activity that Bob loves is also loved by someone else.}{section.1}% 2
\BOOKMARK [3][-]{subsubsection.1.1.1}{Translate}{subsection.1.1}% 3
\BOOKMARK [3][-]{subsubsection.1.1.2}{Negate}{subsection.1.1}% 4
\BOOKMARK [3][-]{subsubsection.1.1.3}{Translate}{subsection.1.1}% 5
\BOOKMARK [2][-]{subsection.1.2}{Someone who likes every activity does not love any activity.}{section.1}% 6
\BOOKMARK [3][-]{subsubsection.1.2.1}{Translate to Propositional Logic}{subsection.1.2}% 7
\BOOKMARK [3][-]{subsubsection.1.2.2}{Negate}{subsection.1.2}% 8
\BOOKMARK [3][-]{subsubsection.1.2.3}{Translate to English sentence}{subsection.1.2}% 9
\BOOKMARK [1][-]{section.2}{May Cause Drowsiness}{}% 10
\BOOKMARK [2][-]{subsection.2.1}{}{section.2}% 11
\BOOKMARK [2][-]{subsection.2.2}{}{section.2}% 12
\BOOKMARK [2][-]{subsection.2.3}{}{section.2}% 13
\BOOKMARK [1][-]{section.3}{Contents Under Pressure}{}% 14
\BOOKMARK [2][-]{subsection.3.1}{}{section.3}% 15
\BOOKMARK [2][-]{subsection.3.2}{}{section.3}% 16
\BOOKMARK [2][-]{subsection.3.3}{}{section.3}% 17
\BOOKMARK [1][-]{section.4}{Not Intended for Human Consumption}{}% 18
\BOOKMARK [2][-]{subsection.4.1}{}{section.4}% 19
\BOOKMARK [2][-]{subsection.4.2}{}{section.4}% 20
\BOOKMARK [2][-]{subsection.4.3}{}{section.4}% 21
\BOOKMARK [1][-]{section.5}{Keep Away From Small Children}{}% 22
\BOOKMARK [2][-]{subsection.5.1}{}{section.5}% 23
\BOOKMARK [2][-]{subsection.5.2}{}{section.5}% 24
\BOOKMARK [2][-]{subsection.5.3}{}{section.5}% 25
\BOOKMARK [1][-]{section.6}{Extra Credit: Some Assembly Required}{}% 26
\BOOKMARK [2][-]{subsection.6.1}{}{section.6}% 27
\BOOKMARK [2][-]{subsection.6.2}{}{section.6}% 28
\BOOKMARK [2][-]{subsection.6.3}{}{section.6}% 29
\BOOKMARK [2][-]{subsection.6.4}{}{section.6}% 30
\BOOKMARK [2][-]{subsection.6.5}{}{section.6}% 31
\BOOKMARK [2][-]{subsection.6.6}{}{section.6}% 32
